<?xml version="1.0" encoding="UTF-8"?>
<testsuite xmlns:xsi="http://www.w3.org/2001/XMLSchema-instance" xsi:noNamespaceSchemaLocation="https://maven.apache.org/surefire/maven-surefire-plugin/xsd/surefire-test-report.xsd" name="com.webcheckers.application.GameCenterTest" time="0.052" tests="21" errors="0" skipped="0" failures="0">
  <properties>
[...]
</properties>
  <testcase name="test_getSpectators" classname="com.webcheckers.application.GameCenterTest" time="0.001"/>
  <testcase name="test_removePlayer" classname="com.webcheckers.application.GameCenterTest" time="0.003"/>
  <testcase name="test_getAllActiveGames" classname="com.webcheckers.application.GameCenterTest" time="0.003"/>
  <testcase name="test_makeGame" classname="com.webcheckers.application.GameCenterTest" time="0.002"/>
  <testcase name="test_findOpponent" classname="com.webcheckers.application.GameCenterTest" time="0.001"/>
  <testcase name="test_removeSpectator" classname="com.webcheckers.application.GameCenterTest" time="0.01"/>
  <testcase name="test_getGameBySpectator" classname="com.webcheckers.application.GameCenterTest" time="0.003"/>
  <testcase name="test_findOpponentNullGame" classname="com.webcheckers.application.GameCenterTest" time="0"/>
  <testcase name="test_inGame" classname="com.webcheckers.application.GameCenterTest" time="0.002"/>
  <testcase name="test_resign" classname="com.webcheckers.application.GameCenterTest" time="0.002"/>
  <testcase name="test_getSpectatedGames" classname="com.webcheckers.application.GameCenterTest" time="0.001"/>
  <testcase name="test_createGame_NULL_PLAYER_error" classname="com.webcheckers.application.GameCenterTest" time="0"/>
  <testcase name="test_createCenter" classname="com.webcheckers.application.GameCenterTest" time="0.001"/>
  <testcase name="test_createGame_SAME_PLAYER_error" classname="com.webcheckers.application.GameCenterTest" time="0"/>
  <testcase name="test_getGameByID" classname="com.webcheckers.application.GameCenterTest" time="0.001"/>
  <testcase name="test_getLobby" classname="com.webcheckers.application.GameCenterTest" time="0"/>
  <testcase name="test_exitGame" classname="com.webcheckers.application.GameCenterTest" time="0.003"/>
  <testcase name="test_createGame_SPECTATING_error" classname="com.webcheckers.application.GameCenterTest" time="0.001"/>
  <testcase name="test_endgame" classname="com.webcheckers.application.GameCenterTest" time="0.003"/>
  <testcase name="test_addSpectator" classname="com.webcheckers.application.GameCenterTest" time="0.001"/>
  <testcase name="test_createGame_IN_GAME_error" classname="com.webcheckers.application.GameCenterTest" time="0.001"/>
</testsuite>