<?xml version="1.0" encoding="UTF-8"?>
<testsuite xmlns:xsi="http://www.w3.org/2001/XMLSchema-instance" xsi:noNamespaceSchemaLocation="https://maven.apache.org/surefire/maven-surefire-plugin/xsd/surefire-test-report.xsd" name="com.webcheckers.model.BoardViewDemoModeTest" time="0.055" tests="8" errors="0" skipped="0" failures="7">
  <properties>
[...]
</properties>
  <testcase name="test_kingDemoBoard" classname="com.webcheckers.model.BoardViewDemoModeTest" time="0.012">
    <failure message="expected: com.webcheckers.model.Space@3af58f76&lt;3true&gt; but was: com.webcheckers.model.Space@2ead6ba4&lt;3true&gt;" type="org.opentest4j.AssertionFailedError"><![CDATA[org.opentest4j.AssertionFailedError: expected: com.webcheckers.model.Space@3af58f76<3true> but was: com.webcheckers.model.Space@2ead6ba4<3true>
	at com.webcheckers.model.BoardViewDemoModeTest.test_kingDemoBoard(BoardViewDemoModeTest.java:145)
]]></failure>
  </testcase>
  <testcase name="test_jumpKingDemoBoard" classname="com.webcheckers.model.BoardViewDemoModeTest" time="0.001">
    <failure message="expected: com.webcheckers.model.Space@3ddb774f&lt;1true&gt; but was: com.webcheckers.model.Space@2582b0ef&lt;1true&gt;" type="org.opentest4j.AssertionFailedError"><![CDATA[org.opentest4j.AssertionFailedError: expected: com.webcheckers.model.Space@3ddb774f<1true> but was: com.webcheckers.model.Space@2582b0ef<1true>
	at com.webcheckers.model.BoardViewDemoModeTest.test_jumpKingDemoBoard(BoardViewDemoModeTest.java:200)
]]></failure>
  </testcase>
  <testcase name="test_moveKingDemoBoard" classname="com.webcheckers.model.BoardViewDemoModeTest" time="0.001">
    <failure message="expected: com.webcheckers.model.Space@70721c12&lt;0true&gt; but was: com.webcheckers.model.Space@769bd849&lt;0true&gt;" type="org.opentest4j.AssertionFailedError"><![CDATA[org.opentest4j.AssertionFailedError: expected: com.webcheckers.model.Space@70721c12<0true> but was: com.webcheckers.model.Space@769bd849<0true>
	at com.webcheckers.model.BoardViewDemoModeTest.test_moveKingDemoBoard(BoardViewDemoModeTest.java:170)
]]></failure>
  </testcase>
  <testcase name="test_jumpDemoBoard" classname="com.webcheckers.model.BoardViewDemoModeTest" time="0.001">
    <failure message="expected: com.webcheckers.model.Space@101ca8da&lt;0true&gt; but was: com.webcheckers.model.Space@20a967fe&lt;0true&gt;" type="org.opentest4j.AssertionFailedError"><![CDATA[org.opentest4j.AssertionFailedError: expected: com.webcheckers.model.Space@101ca8da<0true> but was: com.webcheckers.model.Space@20a967fe<0true>
	at com.webcheckers.model.BoardViewDemoModeTest.test_jumpDemoBoard(BoardViewDemoModeTest.java:86)
]]></failure>
  </testcase>
  <testcase name="test_multipleJumpDemoBoard" classname="com.webcheckers.model.BoardViewDemoModeTest" time="0.001">
    <failure message="expected: com.webcheckers.model.Space@405b6d75&lt;1true&gt; but was: com.webcheckers.model.Space@682abca7&lt;1true&gt;" type="org.opentest4j.AssertionFailedError"><![CDATA[org.opentest4j.AssertionFailedError: expected: com.webcheckers.model.Space@405b6d75<1true> but was: com.webcheckers.model.Space@682abca7<1true>
	at com.webcheckers.model.BoardViewDemoModeTest.test_multipleJumpDemoBoard(BoardViewDemoModeTest.java:119)
]]></failure>
  </testcase>
  <testcase name="test_winDemoBoard" classname="com.webcheckers.model.BoardViewDemoModeTest" time="0.001">
    <failure message="expected: com.webcheckers.model.Space@1d858300&lt;1true&gt; but was: com.webcheckers.model.Space@76f881d9&lt;1true&gt;" type="org.opentest4j.AssertionFailedError"><![CDATA[org.opentest4j.AssertionFailedError: expected: com.webcheckers.model.Space@1d858300<1true> but was: com.webcheckers.model.Space@76f881d9<1true>
	at com.webcheckers.model.BoardViewDemoModeTest.test_winDemoBoard(BoardViewDemoModeTest.java:226)
]]></failure>
  </testcase>
  <testcase name="test_activeDemoMode" classname="com.webcheckers.model.BoardViewDemoModeTest" time="0"/>
  <testcase name="test_noMovesDemoBoard" classname="com.webcheckers.model.BoardViewDemoModeTest" time="0">
    <failure message="expected: com.webcheckers.model.Space@6dd36ab6&lt;1true&gt; but was: com.webcheckers.model.Space@50a13c2f&lt;1true&gt;" type="org.opentest4j.AssertionFailedError"><![CDATA[org.opentest4j.AssertionFailedError: expected: com.webcheckers.model.Space@6dd36ab6<1true> but was: com.webcheckers.model.Space@50a13c2f<1true>
	at com.webcheckers.model.BoardViewDemoModeTest.test_noMovesDemoBoard(BoardViewDemoModeTest.java:253)
]]></failure>
  </testcase>
</testsuite>